<?xml version="1.0" encoding="UTF-8"?>
<testsuite xmlns:xsi="http://www.w3.org/2001/XMLSchema-instance" xsi:noNamespaceSchemaLocation="https://maven.apache.org/surefire/maven-surefire-plugin/xsd/surefire-test-report-3.0.xsd" version="3.0" name="com.ems.employee_service.DepartmentServiceApplicationTests" time="8.638" tests="1" errors="0" skipped="0" failures="0">
  <properties>
[...]
</properties>
  <testcase name="contextLoads" classname="com.ems.employee_service.DepartmentServiceApplicationTests" time="0.497">
    <system-out><![CDATA[10:10:58.894 [main] INFO org.springframework.test.context.support.AnnotationConfigContextLoaderUtils -- Could not detect default configuration classes for test class [com.ems.employee_service.DepartmentServiceApplicationTests]: DepartmentServiceApplicationTests does not declare any static, non-private, non-final, nested classes annotated with @Configuration.
10:10:59.000 [main] INFO org.springframework.boot.test.context.SpringBootTestContextBootstrapper -- Found @SpringBootConfiguration com.ems.employee_service.EmployeeServiceApplication for test class com.ems.employee_service.DepartmentServiceApplicationTests
  .   ____          _            __ _ _
 /\\ / ___'_ __ _ _(_)_ __  __ _ \ \ \ \
( ( )\___ | '_ | '_| | '_ \/ _` | \ \ \ \
 \\/  ___)| |_)| | | | | || (_| |  ) ) ) )
  '  |____| .__|_| |_|_| |_\__, | / / / /
 =========|_|==============|___/=/_/_/_/

 :: Spring Boot ::                (v3.3.0)

2024-06-24T10:10:59.493+08:00  INFO 20848 --- [employee-service] [           main] c.e.e.DepartmentServiceApplicationTests  : Starting DepartmentServiceApplicationTests using Java 21.0.2 with PID 20848 (started by VirtualBag in C:\Users\USER\Desktop\Java Micro Service\employee-management-microservice\parent-module\employee-service)
2024-06-24T10:10:59.494+08:00  INFO 20848 --- [employee-service] [           main] c.e.e.DepartmentServiceApplicationTests  : No active profile set, falling back to 1 default profile: "default"
2024-06-24T10:11:00.531+08:00  INFO 20848 --- [employee-service] [           main] .s.d.r.c.RepositoryConfigurationDelegate : Bootstrapping Spring Data JPA repositories in DEFAULT mode.
2024-06-24T10:11:00.680+08:00  INFO 20848 --- [employee-service] [           main] .s.d.r.c.RepositoryConfigurationDelegate : Finished Spring Data repository scanning in 126 ms. Found 1 JPA repository interface.
2024-06-24T10:11:01.022+08:00  INFO 20848 --- [employee-service] [           main] o.s.cloud.context.scope.GenericScope     : BeanFactory id=f14bece1-9fcc-38cc-9d50-89a3dfe7ef07
2024-06-24T10:11:01.260+08:00  WARN 20848 --- [employee-service] [           main] trationDelegate$BeanPostProcessorChecker : Bean 'org.springframework.cloud.client.loadbalancer.LoadBalancerAutoConfiguration$DeferringLoadBalancerInterceptorConfig' of type [org.springframework.cloud.client.loadbalancer.LoadBalancerAutoConfiguration$DeferringLoadBalancerInterceptorConfig] is not eligible for getting processed by all BeanPostProcessors (for example: not eligible for auto-proxying). The currently created BeanPostProcessor [lbRestClientPostProcessor] is declared through a non-static factory method on that class; consider declaring it as static instead.
2024-06-24T10:11:01.265+08:00  WARN 20848 --- [employee-service] [           main] trationDelegate$BeanPostProcessorChecker : Bean 'deferringLoadBalancerInterceptor' of type [org.springframework.cloud.client.loadbalancer.DeferringLoadBalancerInterceptor] is not eligible for getting processed by all BeanPostProcessors (for example: not eligible for auto-proxying). Is this bean getting eagerly injected into a currently created BeanPostProcessor [lbRestClientPostProcessor]? Check the corresponding BeanPostProcessor declaration and its dependencies.
2024-06-24T10:11:01.269+08:00  WARN 20848 --- [employee-service] [           main] trationDelegate$BeanPostProcessorChecker : Bean 'org.springframework.cloud.client.loadbalancer.reactive.LoadBalancerBeanPostProcessorAutoConfiguration' of type [org.springframework.cloud.client.loadbalancer.reactive.LoadBalancerBeanPostProcessorAutoConfiguration] is not eligible for getting processed by all BeanPostProcessors (for example: not eligible for auto-proxying). The currently created BeanPostProcessor [loadBalancerWebClientBuilderBeanPostProcessor] is declared through a non-static factory method on that class; consider declaring it as static instead.
2024-06-24T10:11:01.270+08:00  WARN 20848 --- [employee-service] [           main] trationDelegate$BeanPostProcessorChecker : Bean 'org.springframework.cloud.client.loadbalancer.reactive.LoadBalancerBeanPostProcessorAutoConfiguration$ReactorDeferringLoadBalancerFilterConfig' of type [org.springframework.cloud.client.loadbalancer.reactive.LoadBalancerBeanPostProcessorAutoConfiguration$ReactorDeferringLoadBalancerFilterConfig] is not eligible for getting processed by all BeanPostProcessors (for example: not eligible for auto-proxying). Is this bean getting eagerly injected into a currently created BeanPostProcessor [loadBalancerWebClientBuilderBeanPostProcessor]? Check the corresponding BeanPostProcessor declaration and its dependencies.
2024-06-24T10:11:01.274+08:00  WARN 20848 --- [employee-service] [           main] trationDelegate$BeanPostProcessorChecker : Bean 'reactorDeferringLoadBalancerExchangeFilterFunction' of type [org.springframework.cloud.client.loadbalancer.reactive.DeferringLoadBalancerExchangeFilterFunction] is not eligible for getting processed by all BeanPostProcessors (for example: not eligible for auto-proxying). Is this bean getting eagerly injected into a currently created BeanPostProcessor [loadBalancerWebClientBuilderBeanPostProcessor]? Check the corresponding BeanPostProcessor declaration and its dependencies.
2024-06-24T10:11:01.633+08:00  INFO 20848 --- [employee-service] [           main] o.hibernate.jpa.internal.util.LogHelper  : HHH000204: Processing PersistenceUnitInfo [name: default]
2024-06-24T10:11:01.747+08:00  INFO 20848 --- [employee-service] [           main] org.hibernate.Version                    : HHH000412: Hibernate ORM core version 6.5.2.Final
2024-06-24T10:11:01.791+08:00  INFO 20848 --- [employee-service] [           main] o.h.c.internal.RegionFactoryInitiator    : HHH000026: Second-level cache disabled
2024-06-24T10:11:02.235+08:00  INFO 20848 --- [employee-service] [           main] o.s.o.j.p.SpringPersistenceUnitInfo      : No LoadTimeWeaver setup: ignoring JPA class transformer
2024-06-24T10:11:02.270+08:00  INFO 20848 --- [employee-service] [           main] com.zaxxer.hikari.HikariDataSource       : HikariPool-1 - Starting...
2024-06-24T10:11:02.657+08:00  INFO 20848 --- [employee-service] [           main] com.zaxxer.hikari.pool.HikariPool        : HikariPool-1 - Added connection com.mysql.cj.jdbc.ConnectionImpl@64544ee4
2024-06-24T10:11:02.659+08:00  INFO 20848 --- [employee-service] [           main] com.zaxxer.hikari.HikariDataSource       : HikariPool-1 - Start completed.
2024-06-24T10:11:03.517+08:00  INFO 20848 --- [employee-service] [           main] o.h.e.t.j.p.i.JtaPlatformInitiator       : HHH000489: No JTA platform available (set 'hibernate.transaction.jta.platform' to enable JTA platform integration)
2024-06-24T10:11:03.554+08:00  INFO 20848 --- [employee-service] [           main] j.LocalContainerEntityManagerFactoryBean : Initialized JPA EntityManagerFactory for persistence unit 'default'
2024-06-24T10:11:04.989+08:00  WARN 20848 --- [employee-service] [           main] JpaBaseConfiguration$JpaWebConfiguration : spring.jpa.open-in-view is enabled by default. Therefore, database queries may be performed during view rendering. Explicitly configure spring.jpa.open-in-view to disable this warning
2024-06-24T10:11:05.741+08:00  INFO 20848 --- [employee-service] [           main] o.s.b.t.m.w.SpringBootMockServletContext : Initializing Spring TestDispatcherServlet ''
2024-06-24T10:11:05.741+08:00  INFO 20848 --- [employee-service] [           main] o.s.t.web.servlet.TestDispatcherServlet  : Initializing Servlet ''
2024-06-24T10:11:05.746+08:00  INFO 20848 --- [employee-service] [           main] o.s.t.web.servlet.TestDispatcherServlet  : Completed initialization in 1 ms
2024-06-24T10:11:05.991+08:00  INFO 20848 --- [employee-service] [           main] DiscoveryClientOptionalArgsConfiguration : Eureka HTTP Client uses RestTemplate.
2024-06-24T10:11:06.087+08:00  WARN 20848 --- [employee-service] [           main] iguration$LoadBalancerCaffeineWarnLogger : Spring Cloud LoadBalancer is currently working with the default cache. While this cache implementation is useful for development and tests, it's recommended to use Caffeine cache in production.You can switch to using Caffeine cache, by adding it and org.springframework.cache.caffeine.CaffeineCacheManager to the classpath.
2024-06-24T10:11:06.116+08:00  INFO 20848 --- [employee-service] [           main] o.s.c.n.eureka.InstanceInfoFactory       : Setting initial instance status as: STARTING
2024-06-24T10:11:06.292+08:00  INFO 20848 --- [employee-service] [           main] com.netflix.discovery.DiscoveryClient    : Initializing Eureka in region us-east-1
2024-06-24T10:11:06.300+08:00  INFO 20848 --- [employee-service] [           main] c.n.d.s.r.aws.ConfigClusterResolver      : Resolving eureka endpoints via configuration
2024-06-24T10:11:06.330+08:00  INFO 20848 --- [employee-service] [           main] com.netflix.discovery.DiscoveryClient    : Disable delta property : false
2024-06-24T10:11:06.331+08:00  INFO 20848 --- [employee-service] [           main] com.netflix.discovery.DiscoveryClient    : Single vip registry refresh property : null
2024-06-24T10:11:06.331+08:00  INFO 20848 --- [employee-service] [           main] com.netflix.discovery.DiscoveryClient    : Force full registry fetch : false
2024-06-24T10:11:06.331+08:00  INFO 20848 --- [employee-service] [           main] com.netflix.discovery.DiscoveryClient    : Application is null : false
2024-06-24T10:11:06.331+08:00  INFO 20848 --- [employee-service] [           main] com.netflix.discovery.DiscoveryClient    : Registered Applications size is zero : true
2024-06-24T10:11:06.331+08:00  INFO 20848 --- [employee-service] [           main] com.netflix.discovery.DiscoveryClient    : Application version is -1: true
2024-06-24T10:11:06.331+08:00  INFO 20848 --- [employee-service] [           main] com.netflix.discovery.DiscoveryClient    : Getting all instance registry info from the eureka server
2024-06-24T10:11:06.746+08:00  INFO 20848 --- [employee-service] [           main] com.netflix.discovery.DiscoveryClient    : The response status is 200
2024-06-24T10:11:06.750+08:00  INFO 20848 --- [employee-service] [           main] com.netflix.discovery.DiscoveryClient    : Starting heartbeat executor: renew interval is: 30
2024-06-24T10:11:06.757+08:00  INFO 20848 --- [employee-service] [           main] c.n.discovery.InstanceInfoReplicator     : InstanceInfoReplicator onDemand update allowed rate per min is 4
2024-06-24T10:11:06.766+08:00  INFO 20848 --- [employee-service] [           main] com.netflix.discovery.DiscoveryClient    : Discovery Client initialized at timestamp 1719195066764 with initial instances count: 2
2024-06-24T10:11:06.770+08:00  INFO 20848 --- [employee-service] [           main] o.s.c.n.e.s.EurekaServiceRegistry        : Registering application EMPLOYEE-SERVICE with eureka with status UP
2024-06-24T10:11:06.771+08:00  INFO 20848 --- [employee-service] [           main] com.netflix.discovery.DiscoveryClient    : Saw local status change event StatusChangeEvent [timestamp=1719195066770, current=UP, previous=STARTING]
2024-06-24T10:11:06.774+08:00  INFO 20848 --- [employee-service] [nfoReplicator-0] com.netflix.discovery.DiscoveryClient    : DiscoveryClient_EMPLOYEE-SERVICE/host.docker.internal:employee-service:8090: registering service...
2024-06-24T10:11:06.788+08:00  INFO 20848 --- [employee-service] [           main] c.e.e.DepartmentServiceApplicationTests  : Started DepartmentServiceApplicationTests in 7.638 seconds (process running for 8.859)
2024-06-24T10:11:06.880+08:00  INFO 20848 --- [employee-service] [nfoReplicator-0] com.netflix.discovery.DiscoveryClient    : DiscoveryClient_EMPLOYEE-SERVICE/host.docker.internal:employee-service:8090 - registration status: 204
]]></system-out>
    <system-err><![CDATA[WARNING: A Java agent has been loaded dynamically (C:\Users\USER\.m2\repository\net\bytebuddy\byte-buddy-agent\1.14.16\byte-buddy-agent-1.14.16.jar)
WARNING: If a serviceability tool is in use, please run with -XX:+EnableDynamicAgentLoading to hide this warning
WARNING: If a serviceability tool is not in use, please run with -Djdk.instrument.traceUsage for more information
WARNING: Dynamic loading of agents will be disallowed by default in a future release
]]></system-err>
  </testcase>
</testsuite>